<?xml version="1.0" encoding="UTF-8"?>
<!-- Generated by org.testng.reporters.JUnitXMLReporter -->
<testsuite hostname="Afra_anjum-PC" ignored="9" name="Default test" tests="3" failures="0" timestamp="07 Nov 2022 05:15:14 GMT" time="1.334" errors="0">
  <testcase name="FindHomePage" time="0.084" classname="AllTestCases.TC_101_GetHomePage_TestCase"/>
  <testcase name="FindHomePage" time="0.061" classname="AllTestCases.TC_101_GetHomePage_TestCase"/>
  <testcase name="HeaderMenuCheck" time="0.561" classname="AllTestCases.TC_102_HeaderMenu_TestCase"/>
  <testcase name="@BeforeSuite setUpSuite" time="0.0" classname="Utility.BaseClass">
    <ignored/>
  </testcase> <!-- @BeforeSuite setUpSuite -->
  <testcase name="@BeforeSuite setUpSuite" time="0.0" classname="Utility.BaseClass">
    <ignored/>
  </testcase> <!-- @BeforeSuite setUpSuite -->
  <testcase name="@BeforeSuite setUpSuite" time="0.0" classname="Utility.BaseClass">
    <ignored/>
  </testcase> <!-- @BeforeSuite setUpSuite -->
  <testcase name="@BeforeSuite setup" time="0.0" classname="Utility.BaseClass">
    <ignored/>
  </testcase> <!-- @BeforeSuite setup -->
  <testcase name="@BeforeSuite setup" time="0.0" classname="Utility.BaseClass">
    <ignored/>
  </testcase> <!-- @BeforeSuite setup -->
  <testcase name="@BeforeSuite setup" time="0.0" classname="Utility.BaseClass">
    <ignored/>
  </testcase> <!-- @BeforeSuite setup -->
  <testcase name="@AfterSuite tearDown" time="0.0" classname="Utility.BaseClass">
    <ignored/>
  </testcase> <!-- @AfterSuite tearDown -->
  <testcase name="@AfterSuite tearDown" time="0.0" classname="Utility.BaseClass">
    <ignored/>
  </testcase> <!-- @AfterSuite tearDown -->
  <testcase name="@AfterSuite tearDown" time="0.0" classname="Utility.BaseClass">
    <ignored/>
  </testcase> <!-- @AfterSuite tearDown -->
</testsuite> <!-- Default test -->
