<?xml version="1.0" encoding="UTF-8"?>
<testng-results ignored="9" total="11" passed="2" failed="0" skipped="0">
  <reporter-output>
    <line>
      <![CDATA[Test is getting ready]]>
    </line>
    <line>
      <![CDATA[Test started]]>
    </line>
    <line>
      <![CDATA[Browser is getting ready]]>
    </line>
    <line>
      <![CDATA[Browser running]]>
    </line>
    <line>
      <![CDATA[Report generated]]>
    </line>
    <line>
      <![CDATA[Report generated]]>
    </line>
    <line>
      <![CDATA[Quit driver]]>
    </line>
  </reporter-output>
  <suite started-at="2022-12-28T06:49:09Z" name="Default suite" finished-at="2022-12-28T06:49:10Z" duration-ms="372">
    <groups>
    </groups>
    <test started-at="2022-12-28T06:49:09Z" name="Default test" finished-at="2022-12-28T06:49:10Z" duration-ms="372">
      <class name="Utility.BaseClass">
        <test-method is-config="true" signature="setUpSuite()[pri:0, instance:Utility.BaseClass@39ac0c0a]" started-at="2022-12-28T06:49:02Z" name="setUpSuite" finished-at="2022-12-28T06:49:02Z" duration-ms="173" status="PASS">
          <reporter-output>
            <line>
              <![CDATA[Test is getting ready]]>
            </line>
            <line>
              <![CDATA[Test started]]>
            </line>
          </reporter-output>
        </test-method> <!-- setUpSuite -->
        <test-method is-config="true" signature="setup()[pri:0, instance:Utility.BaseClass@39ac0c0a]" started-at="2022-12-28T06:49:02Z" name="setup" finished-at="2022-12-28T06:49:09Z" duration-ms="7344" status="PASS">
          <reporter-output>
            <line>
              <![CDATA[Browser is getting ready]]>
            </line>
            <line>
              <![CDATA[Browser running]]>
            </line>
          </reporter-output>
        </test-method> <!-- setup -->
        <test-method is-config="true" signature="tearDown()[pri:0, instance:Utility.BaseClass@39ac0c0a]" started-at="2022-12-28T06:49:10Z" name="tearDown" finished-at="2022-12-28T06:49:11Z" duration-ms="1102" status="PASS">
          <reporter-output>
            <line>
              <![CDATA[Quit driver]]>
            </line>
          </reporter-output>
        </test-method> <!-- tearDown -->
      </class> <!-- Utility.BaseClass -->
      <class name="AllTestCases.TC_102_HeaderMenu_TestCase">
        <test-method signature="HeaderMenuCheck()[pri:2, instance:AllTestCases.TC_102_HeaderMenu_TestCase@c7ba306]" started-at="2022-12-28T06:49:10Z" name="HeaderMenuCheck" finished-at="2022-12-28T06:49:10Z" duration-ms="28" status="PASS">
          <reporter-output>
          </reporter-output>
        </test-method> <!-- HeaderMenuCheck -->
        <test-method is-config="true" signature="tearDownMethod(org.testng.ITestResult)[pri:0, instance:AllTestCases.TC_102_HeaderMenu_TestCase@c7ba306]" started-at="2022-12-28T06:49:10Z" name="tearDownMethod" finished-at="2022-12-28T06:49:10Z" duration-ms="49" status="PASS">
          <params>
            <param index="0">
              <value>
                <![CDATA[[TestResult name=HeaderMenuCheck status=SUCCESS method=TC_102_HeaderMenu_TestCase.HeaderMenuCheck()[pri:2, instance:AllTestCases.TC_102_HeaderMenu_TestCase@c7ba306] output={null}]]]>
              </value>
            </param>
          </params>
          <reporter-output>
            <line>
              <![CDATA[Report generated]]>
            </line>
          </reporter-output>
        </test-method> <!-- tearDownMethod -->
      </class> <!-- AllTestCases.TC_102_HeaderMenu_TestCase -->
      <class name="AllTestCases.TC_101_GetHomePage_TestCase">
        <test-method signature="FindHomePage()[pri:1, instance:AllTestCases.TC_101_GetHomePage_TestCase@4ff8d125]" started-at="2022-12-28T06:49:09Z" name="FindHomePage" finished-at="2022-12-28T06:49:09Z" duration-ms="42" status="PASS">
          <reporter-output>
          </reporter-output>
        </test-method> <!-- FindHomePage -->
        <test-method is-config="true" signature="tearDownMethod(org.testng.ITestResult)[pri:0, instance:AllTestCases.TC_101_GetHomePage_TestCase@4ff8d125]" started-at="2022-12-28T06:49:09Z" name="tearDownMethod" finished-at="2022-12-28T06:49:10Z" duration-ms="236" status="PASS">
          <params>
            <param index="0">
              <value>
                <![CDATA[[TestResult name=FindHomePage status=SUCCESS method=TC_101_GetHomePage_TestCase.FindHomePage()[pri:1, instance:AllTestCases.TC_101_GetHomePage_TestCase@4ff8d125] output={null}]]]>
              </value>
            </param>
          </params>
          <reporter-output>
            <line>
              <![CDATA[Report generated]]>
            </line>
          </reporter-output>
        </test-method> <!-- tearDownMethod -->
      </class> <!-- AllTestCases.TC_101_GetHomePage_TestCase -->
    </test> <!-- Default test -->
  </suite> <!-- Default suite -->
</testng-results>
