<?xml version="1.0" encoding="UTF-8"?>
<testng-results ignored="6" total="8" passed="2" failed="0" skipped="0">
  <reporter-output>
    <line>
      <![CDATA[Test is getting ready]]>
    </line>
    <line>
      <![CDATA[Test started]]>
    </line>
    <line>
      <![CDATA[Browser is getting ready]]>
    </line>
    <line>
      <![CDATA[Browser running]]>
    </line>
    <line>
      <![CDATA[Report generated]]>
    </line>
    <line>
      <![CDATA[Report generated]]>
    </line>
    <line>
      <![CDATA[Quit driver]]>
    </line>
  </reporter-output>
  <suite started-at="2022-12-07T10:09:07Z" name="DotGames" finished-at="2022-12-07T10:09:07Z" duration-ms="783">
    <groups>
    </groups>
    <test started-at="2022-12-07T10:09:07Z" name="Selenium framework" finished-at="2022-12-07T10:09:07Z" duration-ms="783">
      <class name="AllTestCases.TC_102_HeaderMenu_TestCase">
        <test-method signature="HeaderMenuCheck()[pri:2, instance:AllTestCases.TC_102_HeaderMenu_TestCase@d771cc9]" started-at="2022-12-07T10:09:07Z" name="HeaderMenuCheck" finished-at="2022-12-07T10:09:07Z" duration-ms="78" status="PASS">
          <reporter-output>
          </reporter-output>
        </test-method> <!-- HeaderMenuCheck -->
        <test-method is-config="true" signature="tearDownMethod(org.testng.ITestResult)[pri:0, instance:AllTestCases.TC_102_HeaderMenu_TestCase@d771cc9]" started-at="2022-12-07T10:09:07Z" name="tearDownMethod" finished-at="2022-12-07T10:09:07Z" duration-ms="94" status="PASS">
          <params>
            <param index="0">
              <value>
                <![CDATA[[TestResult name=HeaderMenuCheck status=SUCCESS method=TC_102_HeaderMenu_TestCase.HeaderMenuCheck()[pri:2, instance:AllTestCases.TC_102_HeaderMenu_TestCase@d771cc9] output={null}]]]>
              </value>
            </param>
          </params>
          <reporter-output>
            <line>
              <![CDATA[Report generated]]>
            </line>
          </reporter-output>
        </test-method> <!-- tearDownMethod -->
      </class> <!-- AllTestCases.TC_102_HeaderMenu_TestCase -->
      <class name="AllTestCases.TC_101_GetHomePage_TestCase">
        <test-method signature="FindHomePage()[pri:1, instance:AllTestCases.TC_101_GetHomePage_TestCase@5ef5c734]" started-at="2022-12-07T10:09:07Z" name="FindHomePage" finished-at="2022-12-07T10:09:07Z" duration-ms="81" status="PASS">
          <reporter-output>
          </reporter-output>
        </test-method> <!-- FindHomePage -->
        <test-method is-config="true" signature="tearDownMethod(org.testng.ITestResult)[pri:0, instance:AllTestCases.TC_101_GetHomePage_TestCase@5ef5c734]" started-at="2022-12-07T10:09:07Z" name="tearDownMethod" finished-at="2022-12-07T10:09:07Z" duration-ms="488" status="PASS">
          <params>
            <param index="0">
              <value>
                <![CDATA[[TestResult name=FindHomePage status=SUCCESS method=TC_101_GetHomePage_TestCase.FindHomePage()[pri:1, instance:AllTestCases.TC_101_GetHomePage_TestCase@5ef5c734] output={null}]]]>
              </value>
            </param>
          </params>
          <reporter-output>
            <line>
              <![CDATA[Report generated]]>
            </line>
          </reporter-output>
        </test-method> <!-- tearDownMethod -->
      </class> <!-- AllTestCases.TC_101_GetHomePage_TestCase -->
      <class name="AllPages.SetUrl">
        <test-method is-config="true" signature="setUpSuite()[pri:0, instance:AllPages.SetUrl@16eccb2e]" started-at="2022-12-07T10:08:58Z" name="setUpSuite" finished-at="2022-12-07T10:08:59Z" duration-ms="292" status="PASS">
          <reporter-output>
            <line>
              <![CDATA[Test is getting ready]]>
            </line>
            <line>
              <![CDATA[Test started]]>
            </line>
          </reporter-output>
        </test-method> <!-- setUpSuite -->
        <test-method is-config="true" signature="setup()[pri:0, instance:AllPages.SetUrl@16eccb2e]" started-at="2022-12-07T10:08:59Z" name="setup" finished-at="2022-12-07T10:09:07Z" duration-ms="7996" status="PASS">
          <reporter-output>
            <line>
              <![CDATA[Browser is getting ready]]>
            </line>
            <line>
              <![CDATA[Browser running]]>
            </line>
          </reporter-output>
        </test-method> <!-- setup -->
        <test-method is-config="true" signature="tearDown()[pri:0, instance:AllPages.SetUrl@16eccb2e]" started-at="2022-12-07T10:09:08Z" name="tearDown" finished-at="2022-12-07T10:09:08Z" duration-ms="172" status="PASS">
          <reporter-output>
            <line>
              <![CDATA[Quit driver]]>
            </line>
          </reporter-output>
        </test-method> <!-- tearDown -->
      </class> <!-- AllPages.SetUrl -->
    </test> <!-- Selenium framework -->
  </suite> <!-- DotGames -->
</testng-results>
